<?xml version="1.0" encoding="UTF-8"?>
<testsuite xmlns:xsi="http://www.w3.org/2001/XMLSchema-instance" xsi:noNamespaceSchemaLocation="https://maven.apache.org/surefire/maven-surefire-plugin/xsd/surefire-test-report.xsd" name="za.ac.nwu.ac.logic.flow.impl.FetchAccountTypeFlowImplTest" time="0.044" tests="1" errors="0" skipped="0" failures="0">
  <properties>
    <property name="sun.desktop" value="windows"/>
    <property name="awt.toolkit" value="sun.awt.windows.WToolkit"/>
    <property name="file.encoding.pkg" value="sun.io"/>
    <property name="java.specification.version" value="1.8"/>
    <property name="sun.cpu.isalist" value="amd64"/>
    <property name="sun.jnu.encoding" value="Cp1252"/>
    <property name="java.class.path" value="D:\Franko\2021\323_P\IntelliJ_Projects\AccountSystemLogic\target\test-classes;D:\Franko\2021\323_P\IntelliJ_Projects\AccountSystemLogic\target\classes;D:\Franko\2021\323_P\IntelliJ_Projects\AccountSystemDomain\target\AccountSystemDomain-1.0-SNAPSHOT.jar;D:\Franko\2021\323_P\repo\org\projectlombok\lombok\1.18.8\lombok-1.18.8.jar;D:\Franko\2021\323_P\repo\io\swagger\swagger-annotations\1.5.20\swagger-annotations-1.5.20.jar;D:\Franko\2021\323_P\repo\com\fasterxml\jackson\core\jackson-annotations\2.9.0\jackson-annotations-2.9.0.jar;D:\Franko\2021\323_P\repo\org\apache\tomcat\embed\tomcat-embed-core\9.0.21\tomcat-embed-core-9.0.21.jar;D:\Franko\2021\323_P\repo\org\apache\tomcat\tomcat-annotations-api\9.0.21\tomcat-annotations-api-9.0.21.jar;D:\Franko\2021\323_P\repo\org\aspectj\aspectjweaver\1.9.4\aspectjweaver-1.9.4.jar;D:\Franko\2021\323_P\repo\org\springframework\data\spring-data-commons\2.1.9.RELEASE\spring-data-commons-2.1.9.RELEASE.jar;D:\Franko\2021\323_P\repo\org\slf4j\slf4j-api\1.7.26\slf4j-api-1.7.26.jar;D:\Franko\2021\323_P\IntelliJ_Projects\AccountSystemTranslator\target\AccountSystemTranslator-1.0-SNAPSHOT.jar;D:\Franko\2021\323_P\IntelliJ_Projects\AccountSystemRepository\target\AccountSystemRepository-1.0-SNAPSHOT.jar;D:\Franko\2021\323_P\repo\org\springframework\boot\spring-boot-starter\2.1.6.RELEASE\spring-boot-starter-2.1.6.RELEASE.jar;D:\Franko\2021\323_P\repo\org\springframework\boot\spring-boot\2.1.6.RELEASE\spring-boot-2.1.6.RELEASE.jar;D:\Franko\2021\323_P\repo\org\springframework\boot\spring-boot-autoconfigure\2.1.6.RELEASE\spring-boot-autoconfigure-2.1.6.RELEASE.jar;D:\Franko\2021\323_P\repo\org\springframework\boot\spring-boot-starter-logging\2.1.6.RELEASE\spring-boot-starter-logging-2.1.6.RELEASE.jar;D:\Franko\2021\323_P\repo\ch\qos\logback\logback-classic\1.2.3\logback-classic-1.2.3.jar;D:\Franko\2021\323_P\repo\ch\qos\logback\logback-core\1.2.3\logback-core-1.2.3.jar;D:\Franko\2021\323_P\repo\org\apache\logging\log4j\log4j-to-slf4j\2.11.2\log4j-to-slf4j-2.11.2.jar;D:\Franko\2021\323_P\repo\org\apache\logging\log4j\log4j-api\2.11.2\log4j-api-2.11.2.jar;D:\Franko\2021\323_P\repo\org\slf4j\jul-to-slf4j\1.7.26\jul-to-slf4j-1.7.26.jar;D:\Franko\2021\323_P\repo\javax\annotation\javax.annotation-api\1.3.2\javax.annotation-api-1.3.2.jar;D:\Franko\2021\323_P\repo\org\yaml\snakeyaml\1.23\snakeyaml-1.23.jar;D:\Franko\2021\323_P\repo\org\springframework\boot\spring-boot-starter-data-jpa\2.5.4\spring-boot-starter-data-jpa-2.5.4.jar;D:\Franko\2021\323_P\repo\org\springframework\boot\spring-boot-starter-aop\2.1.6.RELEASE\spring-boot-starter-aop-2.1.6.RELEASE.jar;D:\Franko\2021\323_P\repo\org\springframework\boot\spring-boot-starter-jdbc\2.1.6.RELEASE\spring-boot-starter-jdbc-2.1.6.RELEASE.jar;D:\Franko\2021\323_P\repo\com\zaxxer\HikariCP\3.2.0\HikariCP-3.2.0.jar;D:\Franko\2021\323_P\repo\org\springframework\spring-jdbc\5.1.8.RELEASE\spring-jdbc-5.1.8.RELEASE.jar;D:\Franko\2021\323_P\repo\jakarta\transaction\jakarta.transaction-api\1.3.3\jakarta.transaction-api-1.3.3.jar;D:\Franko\2021\323_P\repo\jakarta\persistence\jakarta.persistence-api\2.2.3\jakarta.persistence-api-2.2.3.jar;D:\Franko\2021\323_P\repo\org\hibernate\hibernate-core\5.3.10.Final\hibernate-core-5.3.10.Final.jar;D:\Franko\2021\323_P\repo\org\jboss\logging\jboss-logging\3.3.2.Final\jboss-logging-3.3.2.Final.jar;D:\Franko\2021\323_P\repo\org\javassist\javassist\3.23.2-GA\javassist-3.23.2-GA.jar;D:\Franko\2021\323_P\repo\net\bytebuddy\byte-buddy\1.9.13\byte-buddy-1.9.13.jar;D:\Franko\2021\323_P\repo\antlr\antlr\2.7.7\antlr-2.7.7.jar;D:\Franko\2021\323_P\repo\org\jboss\jandex\2.0.5.Final\jandex-2.0.5.Final.jar;D:\Franko\2021\323_P\repo\com\fasterxml\classmate\1.4.0\classmate-1.4.0.jar;D:\Franko\2021\323_P\repo\org\dom4j\dom4j\2.1.1\dom4j-2.1.1.jar;D:\Franko\2021\323_P\repo\org\hibernate\common\hibernate-commons-annotations\5.0.4.Final\hibernate-commons-annotations-5.0.4.Final.jar;D:\Franko\2021\323_P\repo\org\springframework\data\spring-data-jpa\2.1.9.RELEASE\spring-data-jpa-2.1.9.RELEASE.jar;D:\Franko\2021\323_P\repo\org\springframework\spring-orm\5.1.8.RELEASE\spring-orm-5.1.8.RELEASE.jar;D:\Franko\2021\323_P\repo\org\springframework\spring-tx\5.1.8.RELEASE\spring-tx-5.1.8.RELEASE.jar;D:\Franko\2021\323_P\repo\org\springframework\spring-aspects\5.1.8.RELEASE\spring-aspects-5.1.8.RELEASE.jar;D:\Franko\2021\323_P\repo\com\oracle\database\jdbc\ojdbc8\19.3.0.0\ojdbc8-19.3.0.0.jar;D:\Franko\2021\323_P\repo\com\oracle\database\jdbc\ucp\19.3.0.0\ucp-19.3.0.0.jar;D:\Franko\2021\323_P\repo\com\oracle\database\security\oraclepki\19.3.0.0\oraclepki-19.3.0.0.jar;D:\Franko\2021\323_P\repo\com\oracle\database\security\osdt_cert\19.3.0.0\osdt_cert-19.3.0.0.jar;D:\Franko\2021\323_P\repo\com\oracle\database\security\osdt_core\19.3.0.0\osdt_core-19.3.0.0.jar;D:\Franko\2021\323_P\repo\com\oracle\database\ha\simplefan\19.3.0.0\simplefan-19.3.0.0.jar;D:\Franko\2021\323_P\repo\com\oracle\database\ha\ons\19.3.0.0\ons-19.3.0.0.jar;D:\Franko\2021\323_P\repo\org\springframework\spring-context\5.1.8.RELEASE\spring-context-5.1.8.RELEASE.jar;D:\Franko\2021\323_P\repo\org\springframework\spring-aop\5.1.8.RELEASE\spring-aop-5.1.8.RELEASE.jar;D:\Franko\2021\323_P\repo\org\springframework\spring-beans\5.1.8.RELEASE\spring-beans-5.1.8.RELEASE.jar;D:\Franko\2021\323_P\repo\org\springframework\spring-core\5.1.8.RELEASE\spring-core-5.1.8.RELEASE.jar;D:\Franko\2021\323_P\repo\org\springframework\spring-jcl\5.1.8.RELEASE\spring-jcl-5.1.8.RELEASE.jar;D:\Franko\2021\323_P\repo\org\springframework\spring-expression\5.1.8.RELEASE\spring-expression-5.1.8.RELEASE.jar;D:\Franko\2021\323_P\repo\junit\junit\4.8.2\junit-4.8.2.jar;"/>
    <property name="java.vm.vendor" value="Oracle Corporation"/>
    <property name="sun.arch.data.model" value="64"/>
    <property name="user.variant" value=""/>
    <property name="java.vendor.url" value="http://java.oracle.com/"/>
    <property name="user.timezone" value="Africa/Harare"/>
    <property name="java.vm.specification.version" value="1.8"/>
    <property name="os.name" value="Windows 10"/>
    <property name="user.country" value="US"/>
    <property name="sun.java.launcher" value="SUN_STANDARD"/>
    <property name="sun.boot.library.path" value="C:\Program Files\Java\jdk1.8.0_301\jre\bin"/>
    <property name="sun.java.command" value="C:\Users\Franko\AppData\Local\Temp\surefire5889202916522932858\surefirebooter1966194517340271973.jar C:\Users\Franko\AppData\Local\Temp\surefire5889202916522932858 2021-10-09T14-43-08_364-jvmRun1 surefire736292409323932338tmp surefire_05482775009177151190tmp"/>
    <property name="surefire.test.class.path" value="D:\Franko\2021\323_P\IntelliJ_Projects\AccountSystemLogic\target\test-classes;D:\Franko\2021\323_P\IntelliJ_Projects\AccountSystemLogic\target\classes;D:\Franko\2021\323_P\IntelliJ_Projects\AccountSystemDomain\target\AccountSystemDomain-1.0-SNAPSHOT.jar;D:\Franko\2021\323_P\repo\org\projectlombok\lombok\1.18.8\lombok-1.18.8.jar;D:\Franko\2021\323_P\repo\io\swagger\swagger-annotations\1.5.20\swagger-annotations-1.5.20.jar;D:\Franko\2021\323_P\repo\com\fasterxml\jackson\core\jackson-annotations\2.9.0\jackson-annotations-2.9.0.jar;D:\Franko\2021\323_P\repo\org\apache\tomcat\embed\tomcat-embed-core\9.0.21\tomcat-embed-core-9.0.21.jar;D:\Franko\2021\323_P\repo\org\apache\tomcat\tomcat-annotations-api\9.0.21\tomcat-annotations-api-9.0.21.jar;D:\Franko\2021\323_P\repo\org\aspectj\aspectjweaver\1.9.4\aspectjweaver-1.9.4.jar;D:\Franko\2021\323_P\repo\org\springframework\data\spring-data-commons\2.1.9.RELEASE\spring-data-commons-2.1.9.RELEASE.jar;D:\Franko\2021\323_P\repo\org\slf4j\slf4j-api\1.7.26\slf4j-api-1.7.26.jar;D:\Franko\2021\323_P\IntelliJ_Projects\AccountSystemTranslator\target\AccountSystemTranslator-1.0-SNAPSHOT.jar;D:\Franko\2021\323_P\IntelliJ_Projects\AccountSystemRepository\target\AccountSystemRepository-1.0-SNAPSHOT.jar;D:\Franko\2021\323_P\repo\org\springframework\boot\spring-boot-starter\2.1.6.RELEASE\spring-boot-starter-2.1.6.RELEASE.jar;D:\Franko\2021\323_P\repo\org\springframework\boot\spring-boot\2.1.6.RELEASE\spring-boot-2.1.6.RELEASE.jar;D:\Franko\2021\323_P\repo\org\springframework\boot\spring-boot-autoconfigure\2.1.6.RELEASE\spring-boot-autoconfigure-2.1.6.RELEASE.jar;D:\Franko\2021\323_P\repo\org\springframework\boot\spring-boot-starter-logging\2.1.6.RELEASE\spring-boot-starter-logging-2.1.6.RELEASE.jar;D:\Franko\2021\323_P\repo\ch\qos\logback\logback-classic\1.2.3\logback-classic-1.2.3.jar;D:\Franko\2021\323_P\repo\ch\qos\logback\logback-core\1.2.3\logback-core-1.2.3.jar;D:\Franko\2021\323_P\repo\org\apache\logging\log4j\log4j-to-slf4j\2.11.2\log4j-to-slf4j-2.11.2.jar;D:\Franko\2021\323_P\repo\org\apache\logging\log4j\log4j-api\2.11.2\log4j-api-2.11.2.jar;D:\Franko\2021\323_P\repo\org\slf4j\jul-to-slf4j\1.7.26\jul-to-slf4j-1.7.26.jar;D:\Franko\2021\323_P\repo\javax\annotation\javax.annotation-api\1.3.2\javax.annotation-api-1.3.2.jar;D:\Franko\2021\323_P\repo\org\yaml\snakeyaml\1.23\snakeyaml-1.23.jar;D:\Franko\2021\323_P\repo\org\springframework\boot\spring-boot-starter-data-jpa\2.5.4\spring-boot-starter-data-jpa-2.5.4.jar;D:\Franko\2021\323_P\repo\org\springframework\boot\spring-boot-starter-aop\2.1.6.RELEASE\spring-boot-starter-aop-2.1.6.RELEASE.jar;D:\Franko\2021\323_P\repo\org\springframework\boot\spring-boot-starter-jdbc\2.1.6.RELEASE\spring-boot-starter-jdbc-2.1.6.RELEASE.jar;D:\Franko\2021\323_P\repo\com\zaxxer\HikariCP\3.2.0\HikariCP-3.2.0.jar;D:\Franko\2021\323_P\repo\org\springframework\spring-jdbc\5.1.8.RELEASE\spring-jdbc-5.1.8.RELEASE.jar;D:\Franko\2021\323_P\repo\jakarta\transaction\jakarta.transaction-api\1.3.3\jakarta.transaction-api-1.3.3.jar;D:\Franko\2021\323_P\repo\jakarta\persistence\jakarta.persistence-api\2.2.3\jakarta.persistence-api-2.2.3.jar;D:\Franko\2021\323_P\repo\org\hibernate\hibernate-core\5.3.10.Final\hibernate-core-5.3.10.Final.jar;D:\Franko\2021\323_P\repo\org\jboss\logging\jboss-logging\3.3.2.Final\jboss-logging-3.3.2.Final.jar;D:\Franko\2021\323_P\repo\org\javassist\javassist\3.23.2-GA\javassist-3.23.2-GA.jar;D:\Franko\2021\323_P\repo\net\bytebuddy\byte-buddy\1.9.13\byte-buddy-1.9.13.jar;D:\Franko\2021\323_P\repo\antlr\antlr\2.7.7\antlr-2.7.7.jar;D:\Franko\2021\323_P\repo\org\jboss\jandex\2.0.5.Final\jandex-2.0.5.Final.jar;D:\Franko\2021\323_P\repo\com\fasterxml\classmate\1.4.0\classmate-1.4.0.jar;D:\Franko\2021\323_P\repo\org\dom4j\dom4j\2.1.1\dom4j-2.1.1.jar;D:\Franko\2021\323_P\repo\org\hibernate\common\hibernate-commons-annotations\5.0.4.Final\hibernate-commons-annotations-5.0.4.Final.jar;D:\Franko\2021\323_P\repo\org\springframework\data\spring-data-jpa\2.1.9.RELEASE\spring-data-jpa-2.1.9.RELEASE.jar;D:\Franko\2021\323_P\repo\org\springframework\spring-orm\5.1.8.RELEASE\spring-orm-5.1.8.RELEASE.jar;D:\Franko\2021\323_P\repo\org\springframework\spring-tx\5.1.8.RELEASE\spring-tx-5.1.8.RELEASE.jar;D:\Franko\2021\323_P\repo\org\springframework\spring-aspects\5.1.8.RELEASE\spring-aspects-5.1.8.RELEASE.jar;D:\Franko\2021\323_P\repo\com\oracle\database\jdbc\ojdbc8\19.3.0.0\ojdbc8-19.3.0.0.jar;D:\Franko\2021\323_P\repo\com\oracle\database\jdbc\ucp\19.3.0.0\ucp-19.3.0.0.jar;D:\Franko\2021\323_P\repo\com\oracle\database\security\oraclepki\19.3.0.0\oraclepki-19.3.0.0.jar;D:\Franko\2021\323_P\repo\com\oracle\database\security\osdt_cert\19.3.0.0\osdt_cert-19.3.0.0.jar;D:\Franko\2021\323_P\repo\com\oracle\database\security\osdt_core\19.3.0.0\osdt_core-19.3.0.0.jar;D:\Franko\2021\323_P\repo\com\oracle\database\ha\simplefan\19.3.0.0\simplefan-19.3.0.0.jar;D:\Franko\2021\323_P\repo\com\oracle\database\ha\ons\19.3.0.0\ons-19.3.0.0.jar;D:\Franko\2021\323_P\repo\org\springframework\spring-context\5.1.8.RELEASE\spring-context-5.1.8.RELEASE.jar;D:\Franko\2021\323_P\repo\org\springframework\spring-aop\5.1.8.RELEASE\spring-aop-5.1.8.RELEASE.jar;D:\Franko\2021\323_P\repo\org\springframework\spring-beans\5.1.8.RELEASE\spring-beans-5.1.8.RELEASE.jar;D:\Franko\2021\323_P\repo\org\springframework\spring-core\5.1.8.RELEASE\spring-core-5.1.8.RELEASE.jar;D:\Franko\2021\323_P\repo\org\springframework\spring-jcl\5.1.8.RELEASE\spring-jcl-5.1.8.RELEASE.jar;D:\Franko\2021\323_P\repo\org\springframework\spring-expression\5.1.8.RELEASE\spring-expression-5.1.8.RELEASE.jar;D:\Franko\2021\323_P\repo\junit\junit\4.8.2\junit-4.8.2.jar;"/>
    <property name="sun.cpu.endian" value="little"/>
    <property name="user.home" value="C:\Users\Franko"/>
    <property name="user.language" value="en"/>
    <property name="java.specification.vendor" value="Oracle Corporation"/>
    <property name="java.home" value="C:\Program Files\Java\jdk1.8.0_301\jre"/>
    <property name="basedir" value="D:\Franko\2021\323_P\IntelliJ_Projects\AccountSystemLogic"/>
    <property name="file.separator" value="\"/>
    <property name="line.separator" value="&#10;"/>
    <property name="java.vm.specification.vendor" value="Oracle Corporation"/>
    <property name="java.specification.name" value="Java Platform API Specification"/>
    <property name="java.awt.graphicsenv" value="sun.awt.Win32GraphicsEnvironment"/>
    <property name="surefire.real.class.path" value="C:\Users\Franko\AppData\Local\Temp\surefire5889202916522932858\surefirebooter1966194517340271973.jar"/>
    <property name="sun.boot.class.path" value="C:\Program Files\Java\jdk1.8.0_301\jre\lib\resources.jar;C:\Program Files\Java\jdk1.8.0_301\jre\lib\rt.jar;C:\Program Files\Java\jdk1.8.0_301\jre\lib\sunrsasign.jar;C:\Program Files\Java\jdk1.8.0_301\jre\lib\jsse.jar;C:\Program Files\Java\jdk1.8.0_301\jre\lib\jce.jar;C:\Program Files\Java\jdk1.8.0_301\jre\lib\charsets.jar;C:\Program Files\Java\jdk1.8.0_301\jre\lib\jfr.jar;C:\Program Files\Java\jdk1.8.0_301\jre\classes"/>
    <property name="user.script" value=""/>
    <property name="sun.management.compiler" value="HotSpot 64-Bit Tiered Compilers"/>
    <property name="java.runtime.version" value="1.8.0_301-b09"/>
    <property name="user.name" value="Franko"/>
    <property name="path.separator" value=";"/>
    <property name="os.version" value="10.0"/>
    <property name="java.endorsed.dirs" value="C:\Program Files\Java\jdk1.8.0_301\jre\lib\endorsed"/>
    <property name="java.runtime.name" value="Java(TM) SE Runtime Environment"/>
    <property name="file.encoding" value="Cp1252"/>
    <property name="java.vm.name" value="Java HotSpot(TM) 64-Bit Server VM"/>
    <property name="localRepository" value="D:\Franko\2021\323_P\repo"/>
    <property name="java.vendor.url.bug" value="http://bugreport.sun.com/bugreport/"/>
    <property name="java.io.tmpdir" value="C:\Users\Franko\AppData\Local\Temp\"/>
    <property name="idea.version" value="2021.2.1"/>
    <property name="java.version" value="1.8.0_301"/>
    <property name="user.dir" value="D:\Franko\2021\323_P\IntelliJ_Projects\AccountSystemLogic"/>
    <property name="os.arch" value="amd64"/>
    <property name="java.vm.specification.name" value="Java Virtual Machine Specification"/>
    <property name="java.awt.printerjob" value="sun.awt.windows.WPrinterJob"/>
    <property name="sun.os.patch.level" value=""/>
    <property name="java.library.path" value="C:\Program Files\Java\jdk1.8.0_301\jre\bin;C:\WINDOWS\Sun\Java\bin;C:\WINDOWS\system32;C:\WINDOWS;D:\Franko\2021\Oracle\app\oracle\product\11.2.0\server\bin;;C:\Program Files (x86)\Common Files\Oracle\Java\javapath;&quot;C:\Program Files (x86)\Intel\Intel(R) Management Engine Components\iCLS\;C:\Program Files\Intel\Intel(R) Management Engine Components\iCLS\;C:\Windows\system32;C:\Windows;C:\Windows\System32\Wbem;C:\Windows\System32\WindowsPowerShell\v1.0\;C:\Windows\System3&quot;;D:\Franko\2021\323_P\jdk1.8.0_301\bin;D:\Franko\2021\323_P\apache-maven-3.8.2\bin;D:\Franko\2021\323_P\Git\cmd;C:\Program Files\dotnet\;."/>
    <property name="java.vm.info" value="mixed mode"/>
    <property name="java.vendor" value="Oracle Corporation"/>
    <property name="java.vm.version" value="25.301-b09"/>
    <property name="java.ext.dirs" value="C:\Program Files\Java\jdk1.8.0_301\jre\lib\ext;C:\WINDOWS\Sun\Java\lib\ext"/>
    <property name="sun.io.unicode.encoding" value="UnicodeLittle"/>
    <property name="java.class.version" value="52.0"/>
  </properties>
  <testcase name="methodToTest" classname="za.ac.nwu.ac.logic.flow.impl.FetchAccountTypeFlowImplTest" time="0.012"/>
</testsuite>