<?xml version="1.0" encoding="UTF-8"?>
<testsuite xmlns:xsi="http://www.w3.org/2001/XMLSchema-instance" xsi:noNamespaceSchemaLocation="https://maven.apache.org/surefire/maven-surefire-plugin/xsd/surefire-test-report.xsd" name="AccountTypeControllerTest" time="3.471" tests="3" errors="0" skipped="0" failures="2">
  <properties>
    <property name="sun.desktop" value="windows"/>
    <property name="awt.toolkit" value="sun.awt.windows.WToolkit"/>
    <property name="file.encoding.pkg" value="sun.io"/>
    <property name="java.specification.version" value="1.8"/>
    <property name="sun.cpu.isalist" value="amd64"/>
    <property name="sun.jnu.encoding" value="Cp1252"/>
    <property name="java.class.path" value="D:\Franko\2021\323_P\IntelliJ_Projects\AccountSystemWebSpringBoot\target\test-classes;D:\Franko\2021\323_P\IntelliJ_Projects\AccountSystemWebSpringBoot\target\classes;D:\Franko\2021\323_P\IntelliJ_Projects\AccountSystemDomain\target\AccountSystemDomain-1.0-SNAPSHOT.jar;D:\Franko\2021\323_P\repo\org\projectlombok\lombok\1.18.8\lombok-1.18.8.jar;D:\Franko\2021\323_P\repo\com\fasterxml\jackson\core\jackson-annotations\2.9.0\jackson-annotations-2.9.0.jar;D:\Franko\2021\323_P\repo\org\apache\tomcat\embed\tomcat-embed-core\9.0.21\tomcat-embed-core-9.0.21.jar;D:\Franko\2021\323_P\repo\org\apache\tomcat\tomcat-annotations-api\9.0.21\tomcat-annotations-api-9.0.21.jar;D:\Franko\2021\323_P\repo\org\aspectj\aspectjweaver\1.9.4\aspectjweaver-1.9.4.jar;D:\Franko\2021\323_P\repo\org\springframework\data\spring-data-commons\2.1.9.RELEASE\spring-data-commons-2.1.9.RELEASE.jar;D:\Franko\2021\323_P\repo\org\springframework\spring-beans\5.1.8.RELEASE\spring-beans-5.1.8.RELEASE.jar;D:\Franko\2021\323_P\repo\org\slf4j\slf4j-api\1.7.26\slf4j-api-1.7.26.jar;D:\Franko\2021\323_P\repo\org\springframework\spring-context\5.1.8.RELEASE\spring-context-5.1.8.RELEASE.jar;D:\Franko\2021\323_P\repo\org\springframework\spring-aop\5.1.8.RELEASE\spring-aop-5.1.8.RELEASE.jar;D:\Franko\2021\323_P\repo\org\springframework\spring-expression\5.1.8.RELEASE\spring-expression-5.1.8.RELEASE.jar;D:\Franko\2021\323_P\IntelliJ_Projects\AccountSystemLogic\target\AccountSystemLogic-1.0-SNAPSHOT.jar;D:\Franko\2021\323_P\IntelliJ_Projects\AccountSystemTranslator\target\AccountSystemTranslator-1.0-SNAPSHOT.jar;D:\Franko\2021\323_P\IntelliJ_Projects\AccountSystemRepository\target\AccountSystemRepository-1.0-SNAPSHOT.jar;D:\Franko\2021\323_P\repo\com\oracle\database\jdbc\ojdbc8\19.3.0.0\ojdbc8-19.3.0.0.jar;D:\Franko\2021\323_P\repo\com\oracle\database\jdbc\ucp\19.3.0.0\ucp-19.3.0.0.jar;D:\Franko\2021\323_P\repo\com\oracle\database\security\oraclepki\19.3.0.0\oraclepki-19.3.0.0.jar;D:\Franko\2021\323_P\repo\com\oracle\database\security\osdt_cert\19.3.0.0\osdt_cert-19.3.0.0.jar;D:\Franko\2021\323_P\repo\com\oracle\database\security\osdt_core\19.3.0.0\osdt_core-19.3.0.0.jar;D:\Franko\2021\323_P\repo\com\oracle\database\ha\simplefan\19.3.0.0\simplefan-19.3.0.0.jar;D:\Franko\2021\323_P\repo\com\oracle\database\ha\ons\19.3.0.0\ons-19.3.0.0.jar;D:\Franko\2021\323_P\repo\org\springframework\boot\spring-boot-starter-web\2.1.6.RELEASE\spring-boot-starter-web-2.1.6.RELEASE.jar;D:\Franko\2021\323_P\repo\org\springframework\boot\spring-boot-starter\2.1.6.RELEASE\spring-boot-starter-2.1.6.RELEASE.jar;D:\Franko\2021\323_P\repo\org\springframework\boot\spring-boot\2.1.6.RELEASE\spring-boot-2.1.6.RELEASE.jar;D:\Franko\2021\323_P\repo\org\springframework\boot\spring-boot-autoconfigure\2.1.6.RELEASE\spring-boot-autoconfigure-2.1.6.RELEASE.jar;D:\Franko\2021\323_P\repo\org\springframework\boot\spring-boot-starter-logging\2.1.6.RELEASE\spring-boot-starter-logging-2.1.6.RELEASE.jar;D:\Franko\2021\323_P\repo\ch\qos\logback\logback-classic\1.2.3\logback-classic-1.2.3.jar;D:\Franko\2021\323_P\repo\ch\qos\logback\logback-core\1.2.3\logback-core-1.2.3.jar;D:\Franko\2021\323_P\repo\org\apache\logging\log4j\log4j-to-slf4j\2.11.2\log4j-to-slf4j-2.11.2.jar;D:\Franko\2021\323_P\repo\org\apache\logging\log4j\log4j-api\2.11.2\log4j-api-2.11.2.jar;D:\Franko\2021\323_P\repo\org\slf4j\jul-to-slf4j\1.7.26\jul-to-slf4j-1.7.26.jar;D:\Franko\2021\323_P\repo\javax\annotation\javax.annotation-api\1.3.2\javax.annotation-api-1.3.2.jar;D:\Franko\2021\323_P\repo\org\yaml\snakeyaml\1.23\snakeyaml-1.23.jar;D:\Franko\2021\323_P\repo\org\springframework\boot\spring-boot-starter-json\2.1.6.RELEASE\spring-boot-starter-json-2.1.6.RELEASE.jar;D:\Franko\2021\323_P\repo\com\fasterxml\jackson\core\jackson-databind\2.9.9\jackson-databind-2.9.9.jar;D:\Franko\2021\323_P\repo\com\fasterxml\jackson\core\jackson-core\2.9.9\jackson-core-2.9.9.jar;D:\Franko\2021\323_P\repo\com\fasterxml\jackson\datatype\jackson-datatype-jdk8\2.9.9\jackson-datatype-jdk8-2.9.9.jar;D:\Franko\2021\323_P\repo\com\fasterxml\jackson\datatype\jackson-datatype-jsr310\2.9.9\jackson-datatype-jsr310-2.9.9.jar;D:\Franko\2021\323_P\repo\com\fasterxml\jackson\module\jackson-module-parameter-names\2.9.9\jackson-module-parameter-names-2.9.9.jar;D:\Franko\2021\323_P\repo\org\springframework\boot\spring-boot-starter-tomcat\2.1.6.RELEASE\spring-boot-starter-tomcat-2.1.6.RELEASE.jar;D:\Franko\2021\323_P\repo\org\apache\tomcat\embed\tomcat-embed-el\9.0.21\tomcat-embed-el-9.0.21.jar;D:\Franko\2021\323_P\repo\org\apache\tomcat\embed\tomcat-embed-websocket\9.0.21\tomcat-embed-websocket-9.0.21.jar;D:\Franko\2021\323_P\repo\org\hibernate\validator\hibernate-validator\6.0.17.Final\hibernate-validator-6.0.17.Final.jar;D:\Franko\2021\323_P\repo\javax\validation\validation-api\2.0.1.Final\validation-api-2.0.1.Final.jar;D:\Franko\2021\323_P\repo\org\jboss\logging\jboss-logging\3.3.2.Final\jboss-logging-3.3.2.Final.jar;D:\Franko\2021\323_P\repo\org\springframework\spring-web\5.1.8.RELEASE\spring-web-5.1.8.RELEASE.jar;D:\Franko\2021\323_P\repo\org\springframework\spring-webmvc\5.1.8.RELEASE\spring-webmvc-5.1.8.RELEASE.jar;D:\Franko\2021\323_P\repo\io\springfox\springfox-swagger2\2.9.2\springfox-swagger2-2.9.2.jar;D:\Franko\2021\323_P\repo\io\swagger\swagger-models\1.5.20\swagger-models-1.5.20.jar;D:\Franko\2021\323_P\repo\io\springfox\springfox-spi\2.9.2\springfox-spi-2.9.2.jar;D:\Franko\2021\323_P\repo\io\springfox\springfox-core\2.9.2\springfox-core-2.9.2.jar;D:\Franko\2021\323_P\repo\io\springfox\springfox-schema\2.9.2\springfox-schema-2.9.2.jar;D:\Franko\2021\323_P\repo\io\springfox\springfox-swagger-common\2.9.2\springfox-swagger-common-2.9.2.jar;D:\Franko\2021\323_P\repo\io\springfox\springfox-spring-web\2.9.2\springfox-spring-web-2.9.2.jar;D:\Franko\2021\323_P\repo\com\google\guava\guava\20.0\guava-20.0.jar;D:\Franko\2021\323_P\repo\com\fasterxml\classmate\1.4.0\classmate-1.4.0.jar;D:\Franko\2021\323_P\repo\org\springframework\plugin\spring-plugin-core\1.2.0.RELEASE\spring-plugin-core-1.2.0.RELEASE.jar;D:\Franko\2021\323_P\repo\org\springframework\plugin\spring-plugin-metadata\1.2.0.RELEASE\spring-plugin-metadata-1.2.0.RELEASE.jar;D:\Franko\2021\323_P\repo\org\mapstruct\mapstruct\1.2.0.Final\mapstruct-1.2.0.Final.jar;D:\Franko\2021\323_P\repo\io\swagger\swagger-annotations\1.5.20\swagger-annotations-1.5.20.jar;D:\Franko\2021\323_P\repo\io\springfox\springfox-swagger-ui\2.9.2\springfox-swagger-ui-2.9.2.jar;D:\Franko\2021\323_P\repo\io\springfox\springfox-bean-validators\2.9.2\springfox-bean-validators-2.9.2.jar;D:\Franko\2021\323_P\repo\org\springframework\boot\spring-boot-starter-data-jpa\2.5.4\spring-boot-starter-data-jpa-2.5.4.jar;D:\Franko\2021\323_P\repo\org\springframework\boot\spring-boot-starter-aop\2.1.6.RELEASE\spring-boot-starter-aop-2.1.6.RELEASE.jar;D:\Franko\2021\323_P\repo\org\springframework\boot\spring-boot-starter-jdbc\2.1.6.RELEASE\spring-boot-starter-jdbc-2.1.6.RELEASE.jar;D:\Franko\2021\323_P\repo\com\zaxxer\HikariCP\3.2.0\HikariCP-3.2.0.jar;D:\Franko\2021\323_P\repo\org\springframework\spring-jdbc\5.1.8.RELEASE\spring-jdbc-5.1.8.RELEASE.jar;D:\Franko\2021\323_P\repo\jakarta\transaction\jakarta.transaction-api\1.3.3\jakarta.transaction-api-1.3.3.jar;D:\Franko\2021\323_P\repo\jakarta\persistence\jakarta.persistence-api\2.2.3\jakarta.persistence-api-2.2.3.jar;D:\Franko\2021\323_P\repo\org\hibernate\hibernate-core\5.3.10.Final\hibernate-core-5.3.10.Final.jar;D:\Franko\2021\323_P\repo\org\javassist\javassist\3.23.2-GA\javassist-3.23.2-GA.jar;D:\Franko\2021\323_P\repo\antlr\antlr\2.7.7\antlr-2.7.7.jar;D:\Franko\2021\323_P\repo\org\jboss\jandex\2.0.5.Final\jandex-2.0.5.Final.jar;D:\Franko\2021\323_P\repo\org\dom4j\dom4j\2.1.1\dom4j-2.1.1.jar;D:\Franko\2021\323_P\repo\org\hibernate\common\hibernate-commons-annotations\5.0.4.Final\hibernate-commons-annotations-5.0.4.Final.jar;D:\Franko\2021\323_P\repo\org\springframework\data\spring-data-jpa\2.1.9.RELEASE\spring-data-jpa-2.1.9.RELEASE.jar;D:\Franko\2021\323_P\repo\org\springframework\spring-orm\5.1.8.RELEASE\spring-orm-5.1.8.RELEASE.jar;D:\Franko\2021\323_P\repo\org\springframework\spring-tx\5.1.8.RELEASE\spring-tx-5.1.8.RELEASE.jar;D:\Franko\2021\323_P\repo\org\springframework\spring-aspects\5.1.8.RELEASE\spring-aspects-5.1.8.RELEASE.jar;D:\Franko\2021\323_P\repo\junit\junit\4.8.2\junit-4.8.2.jar;D:\Franko\2021\323_P\repo\org\mockito\mockito-junit-jupiter\2.23.4\mockito-junit-jupiter-2.23.4.jar;D:\Franko\2021\323_P\repo\org\junit\jupiter\junit-jupiter-api\5.3.2\junit-jupiter-api-5.3.2.jar;D:\Franko\2021\323_P\repo\org\opentest4j\opentest4j\1.1.1\opentest4j-1.1.1.jar;D:\Franko\2021\323_P\repo\org\junit\platform\junit-platform-commons\1.3.2\junit-platform-commons-1.3.2.jar;D:\Franko\2021\323_P\repo\org\mockito\mockito-core\2.23.4\mockito-core-2.23.4.jar;D:\Franko\2021\323_P\repo\net\bytebuddy\byte-buddy\1.9.13\byte-buddy-1.9.13.jar;D:\Franko\2021\323_P\repo\net\bytebuddy\byte-buddy-agent\1.9.13\byte-buddy-agent-1.9.13.jar;D:\Franko\2021\323_P\repo\org\objenesis\objenesis\2.6\objenesis-2.6.jar;D:\Franko\2021\323_P\repo\org\springframework\boot\spring-boot-starter-test\2.1.6.RELEASE\spring-boot-starter-test-2.1.6.RELEASE.jar;D:\Franko\2021\323_P\repo\org\springframework\boot\spring-boot-test\2.1.6.RELEASE\spring-boot-test-2.1.6.RELEASE.jar;D:\Franko\2021\323_P\repo\org\springframework\boot\spring-boot-test-autoconfigure\2.1.6.RELEASE\spring-boot-test-autoconfigure-2.1.6.RELEASE.jar;D:\Franko\2021\323_P\repo\com\jayway\jsonpath\json-path\2.4.0\json-path-2.4.0.jar;D:\Franko\2021\323_P\repo\net\minidev\json-smart\2.3\json-smart-2.3.jar;D:\Franko\2021\323_P\repo\net\minidev\accessors-smart\1.2\accessors-smart-1.2.jar;D:\Franko\2021\323_P\repo\org\ow2\asm\asm\5.0.4\asm-5.0.4.jar;D:\Franko\2021\323_P\repo\org\assertj\assertj-core\3.11.1\assertj-core-3.11.1.jar;D:\Franko\2021\323_P\repo\org\hamcrest\hamcrest-core\1.3\hamcrest-core-1.3.jar;D:\Franko\2021\323_P\repo\org\hamcrest\hamcrest-library\1.3\hamcrest-library-1.3.jar;D:\Franko\2021\323_P\repo\org\skyscreamer\jsonassert\1.5.0\jsonassert-1.5.0.jar;D:\Franko\2021\323_P\repo\com\vaadin\external\google\android-json\0.0.20131108.vaadin1\android-json-0.0.20131108.vaadin1.jar;D:\Franko\2021\323_P\repo\org\springframework\spring-core\5.1.8.RELEASE\spring-core-5.1.8.RELEASE.jar;D:\Franko\2021\323_P\repo\org\springframework\spring-jcl\5.1.8.RELEASE\spring-jcl-5.1.8.RELEASE.jar;D:\Franko\2021\323_P\repo\org\springframework\spring-test\5.1.8.RELEASE\spring-test-5.1.8.RELEASE.jar;D:\Franko\2021\323_P\repo\org\xmlunit\xmlunit-core\2.6.2\xmlunit-core-2.6.2.jar;D:\Franko\2021\323_P\repo\com\h2database\h2\1.4.199\h2-1.4.199.jar;D:\Franko\2021\323_P\repo\org\junit\vintage\junit-vintage-engine\5.3.2\junit-vintage-engine-5.3.2.jar;D:\Franko\2021\323_P\repo\org\apiguardian\apiguardian-api\1.0.0\apiguardian-api-1.0.0.jar;D:\Franko\2021\323_P\repo\org\junit\platform\junit-platform-engine\1.3.2\junit-platform-engine-1.3.2.jar;D:\Franko\2021\323_P\repo\org\mockito\mockito-inline\2.23.4\mockito-inline-2.23.4.jar;"/>
    <property name="java.vm.vendor" value="Oracle Corporation"/>
    <property name="sun.arch.data.model" value="64"/>
    <property name="user.variant" value=""/>
    <property name="java.vendor.url" value="http://java.oracle.com/"/>
    <property name="user.timezone" value="Africa/Harare"/>
    <property name="java.vm.specification.version" value="1.8"/>
    <property name="os.name" value="Windows 10"/>
    <property name="user.country" value="US"/>
    <property name="sun.java.launcher" value="SUN_STANDARD"/>
    <property name="sun.boot.library.path" value="C:\Program Files\Java\jdk1.8.0_301\jre\bin"/>
    <property name="sun.java.command" value="C:\Users\Franko\AppData\Local\Temp\surefire5930051863830722393\surefirebooter50066482703130700.jar C:\Users\Franko\AppData\Local\Temp\surefire5930051863830722393 2021-10-10T18-43-26_735-jvmRun1 surefire769563467755228061tmp surefire_06343175423606064872tmp"/>
    <property name="surefire.test.class.path" value="D:\Franko\2021\323_P\IntelliJ_Projects\AccountSystemWebSpringBoot\target\test-classes;D:\Franko\2021\323_P\IntelliJ_Projects\AccountSystemWebSpringBoot\target\classes;D:\Franko\2021\323_P\IntelliJ_Projects\AccountSystemDomain\target\AccountSystemDomain-1.0-SNAPSHOT.jar;D:\Franko\2021\323_P\repo\org\projectlombok\lombok\1.18.8\lombok-1.18.8.jar;D:\Franko\2021\323_P\repo\com\fasterxml\jackson\core\jackson-annotations\2.9.0\jackson-annotations-2.9.0.jar;D:\Franko\2021\323_P\repo\org\apache\tomcat\embed\tomcat-embed-core\9.0.21\tomcat-embed-core-9.0.21.jar;D:\Franko\2021\323_P\repo\org\apache\tomcat\tomcat-annotations-api\9.0.21\tomcat-annotations-api-9.0.21.jar;D:\Franko\2021\323_P\repo\org\aspectj\aspectjweaver\1.9.4\aspectjweaver-1.9.4.jar;D:\Franko\2021\323_P\repo\org\springframework\data\spring-data-commons\2.1.9.RELEASE\spring-data-commons-2.1.9.RELEASE.jar;D:\Franko\2021\323_P\repo\org\springframework\spring-beans\5.1.8.RELEASE\spring-beans-5.1.8.RELEASE.jar;D:\Franko\2021\323_P\repo\org\slf4j\slf4j-api\1.7.26\slf4j-api-1.7.26.jar;D:\Franko\2021\323_P\repo\org\springframework\spring-context\5.1.8.RELEASE\spring-context-5.1.8.RELEASE.jar;D:\Franko\2021\323_P\repo\org\springframework\spring-aop\5.1.8.RELEASE\spring-aop-5.1.8.RELEASE.jar;D:\Franko\2021\323_P\repo\org\springframework\spring-expression\5.1.8.RELEASE\spring-expression-5.1.8.RELEASE.jar;D:\Franko\2021\323_P\IntelliJ_Projects\AccountSystemLogic\target\AccountSystemLogic-1.0-SNAPSHOT.jar;D:\Franko\2021\323_P\IntelliJ_Projects\AccountSystemTranslator\target\AccountSystemTranslator-1.0-SNAPSHOT.jar;D:\Franko\2021\323_P\IntelliJ_Projects\AccountSystemRepository\target\AccountSystemRepository-1.0-SNAPSHOT.jar;D:\Franko\2021\323_P\repo\com\oracle\database\jdbc\ojdbc8\19.3.0.0\ojdbc8-19.3.0.0.jar;D:\Franko\2021\323_P\repo\com\oracle\database\jdbc\ucp\19.3.0.0\ucp-19.3.0.0.jar;D:\Franko\2021\323_P\repo\com\oracle\database\security\oraclepki\19.3.0.0\oraclepki-19.3.0.0.jar;D:\Franko\2021\323_P\repo\com\oracle\database\security\osdt_cert\19.3.0.0\osdt_cert-19.3.0.0.jar;D:\Franko\2021\323_P\repo\com\oracle\database\security\osdt_core\19.3.0.0\osdt_core-19.3.0.0.jar;D:\Franko\2021\323_P\repo\com\oracle\database\ha\simplefan\19.3.0.0\simplefan-19.3.0.0.jar;D:\Franko\2021\323_P\repo\com\oracle\database\ha\ons\19.3.0.0\ons-19.3.0.0.jar;D:\Franko\2021\323_P\repo\org\springframework\boot\spring-boot-starter-web\2.1.6.RELEASE\spring-boot-starter-web-2.1.6.RELEASE.jar;D:\Franko\2021\323_P\repo\org\springframework\boot\spring-boot-starter\2.1.6.RELEASE\spring-boot-starter-2.1.6.RELEASE.jar;D:\Franko\2021\323_P\repo\org\springframework\boot\spring-boot\2.1.6.RELEASE\spring-boot-2.1.6.RELEASE.jar;D:\Franko\2021\323_P\repo\org\springframework\boot\spring-boot-autoconfigure\2.1.6.RELEASE\spring-boot-autoconfigure-2.1.6.RELEASE.jar;D:\Franko\2021\323_P\repo\org\springframework\boot\spring-boot-starter-logging\2.1.6.RELEASE\spring-boot-starter-logging-2.1.6.RELEASE.jar;D:\Franko\2021\323_P\repo\ch\qos\logback\logback-classic\1.2.3\logback-classic-1.2.3.jar;D:\Franko\2021\323_P\repo\ch\qos\logback\logback-core\1.2.3\logback-core-1.2.3.jar;D:\Franko\2021\323_P\repo\org\apache\logging\log4j\log4j-to-slf4j\2.11.2\log4j-to-slf4j-2.11.2.jar;D:\Franko\2021\323_P\repo\org\apache\logging\log4j\log4j-api\2.11.2\log4j-api-2.11.2.jar;D:\Franko\2021\323_P\repo\org\slf4j\jul-to-slf4j\1.7.26\jul-to-slf4j-1.7.26.jar;D:\Franko\2021\323_P\repo\javax\annotation\javax.annotation-api\1.3.2\javax.annotation-api-1.3.2.jar;D:\Franko\2021\323_P\repo\org\yaml\snakeyaml\1.23\snakeyaml-1.23.jar;D:\Franko\2021\323_P\repo\org\springframework\boot\spring-boot-starter-json\2.1.6.RELEASE\spring-boot-starter-json-2.1.6.RELEASE.jar;D:\Franko\2021\323_P\repo\com\fasterxml\jackson\core\jackson-databind\2.9.9\jackson-databind-2.9.9.jar;D:\Franko\2021\323_P\repo\com\fasterxml\jackson\core\jackson-core\2.9.9\jackson-core-2.9.9.jar;D:\Franko\2021\323_P\repo\com\fasterxml\jackson\datatype\jackson-datatype-jdk8\2.9.9\jackson-datatype-jdk8-2.9.9.jar;D:\Franko\2021\323_P\repo\com\fasterxml\jackson\datatype\jackson-datatype-jsr310\2.9.9\jackson-datatype-jsr310-2.9.9.jar;D:\Franko\2021\323_P\repo\com\fasterxml\jackson\module\jackson-module-parameter-names\2.9.9\jackson-module-parameter-names-2.9.9.jar;D:\Franko\2021\323_P\repo\org\springframework\boot\spring-boot-starter-tomcat\2.1.6.RELEASE\spring-boot-starter-tomcat-2.1.6.RELEASE.jar;D:\Franko\2021\323_P\repo\org\apache\tomcat\embed\tomcat-embed-el\9.0.21\tomcat-embed-el-9.0.21.jar;D:\Franko\2021\323_P\repo\org\apache\tomcat\embed\tomcat-embed-websocket\9.0.21\tomcat-embed-websocket-9.0.21.jar;D:\Franko\2021\323_P\repo\org\hibernate\validator\hibernate-validator\6.0.17.Final\hibernate-validator-6.0.17.Final.jar;D:\Franko\2021\323_P\repo\javax\validation\validation-api\2.0.1.Final\validation-api-2.0.1.Final.jar;D:\Franko\2021\323_P\repo\org\jboss\logging\jboss-logging\3.3.2.Final\jboss-logging-3.3.2.Final.jar;D:\Franko\2021\323_P\repo\org\springframework\spring-web\5.1.8.RELEASE\spring-web-5.1.8.RELEASE.jar;D:\Franko\2021\323_P\repo\org\springframework\spring-webmvc\5.1.8.RELEASE\spring-webmvc-5.1.8.RELEASE.jar;D:\Franko\2021\323_P\repo\io\springfox\springfox-swagger2\2.9.2\springfox-swagger2-2.9.2.jar;D:\Franko\2021\323_P\repo\io\swagger\swagger-models\1.5.20\swagger-models-1.5.20.jar;D:\Franko\2021\323_P\repo\io\springfox\springfox-spi\2.9.2\springfox-spi-2.9.2.jar;D:\Franko\2021\323_P\repo\io\springfox\springfox-core\2.9.2\springfox-core-2.9.2.jar;D:\Franko\2021\323_P\repo\io\springfox\springfox-schema\2.9.2\springfox-schema-2.9.2.jar;D:\Franko\2021\323_P\repo\io\springfox\springfox-swagger-common\2.9.2\springfox-swagger-common-2.9.2.jar;D:\Franko\2021\323_P\repo\io\springfox\springfox-spring-web\2.9.2\springfox-spring-web-2.9.2.jar;D:\Franko\2021\323_P\repo\com\google\guava\guava\20.0\guava-20.0.jar;D:\Franko\2021\323_P\repo\com\fasterxml\classmate\1.4.0\classmate-1.4.0.jar;D:\Franko\2021\323_P\repo\org\springframework\plugin\spring-plugin-core\1.2.0.RELEASE\spring-plugin-core-1.2.0.RELEASE.jar;D:\Franko\2021\323_P\repo\org\springframework\plugin\spring-plugin-metadata\1.2.0.RELEASE\spring-plugin-metadata-1.2.0.RELEASE.jar;D:\Franko\2021\323_P\repo\org\mapstruct\mapstruct\1.2.0.Final\mapstruct-1.2.0.Final.jar;D:\Franko\2021\323_P\repo\io\swagger\swagger-annotations\1.5.20\swagger-annotations-1.5.20.jar;D:\Franko\2021\323_P\repo\io\springfox\springfox-swagger-ui\2.9.2\springfox-swagger-ui-2.9.2.jar;D:\Franko\2021\323_P\repo\io\springfox\springfox-bean-validators\2.9.2\springfox-bean-validators-2.9.2.jar;D:\Franko\2021\323_P\repo\org\springframework\boot\spring-boot-starter-data-jpa\2.5.4\spring-boot-starter-data-jpa-2.5.4.jar;D:\Franko\2021\323_P\repo\org\springframework\boot\spring-boot-starter-aop\2.1.6.RELEASE\spring-boot-starter-aop-2.1.6.RELEASE.jar;D:\Franko\2021\323_P\repo\org\springframework\boot\spring-boot-starter-jdbc\2.1.6.RELEASE\spring-boot-starter-jdbc-2.1.6.RELEASE.jar;D:\Franko\2021\323_P\repo\com\zaxxer\HikariCP\3.2.0\HikariCP-3.2.0.jar;D:\Franko\2021\323_P\repo\org\springframework\spring-jdbc\5.1.8.RELEASE\spring-jdbc-5.1.8.RELEASE.jar;D:\Franko\2021\323_P\repo\jakarta\transaction\jakarta.transaction-api\1.3.3\jakarta.transaction-api-1.3.3.jar;D:\Franko\2021\323_P\repo\jakarta\persistence\jakarta.persistence-api\2.2.3\jakarta.persistence-api-2.2.3.jar;D:\Franko\2021\323_P\repo\org\hibernate\hibernate-core\5.3.10.Final\hibernate-core-5.3.10.Final.jar;D:\Franko\2021\323_P\repo\org\javassist\javassist\3.23.2-GA\javassist-3.23.2-GA.jar;D:\Franko\2021\323_P\repo\antlr\antlr\2.7.7\antlr-2.7.7.jar;D:\Franko\2021\323_P\repo\org\jboss\jandex\2.0.5.Final\jandex-2.0.5.Final.jar;D:\Franko\2021\323_P\repo\org\dom4j\dom4j\2.1.1\dom4j-2.1.1.jar;D:\Franko\2021\323_P\repo\org\hibernate\common\hibernate-commons-annotations\5.0.4.Final\hibernate-commons-annotations-5.0.4.Final.jar;D:\Franko\2021\323_P\repo\org\springframework\data\spring-data-jpa\2.1.9.RELEASE\spring-data-jpa-2.1.9.RELEASE.jar;D:\Franko\2021\323_P\repo\org\springframework\spring-orm\5.1.8.RELEASE\spring-orm-5.1.8.RELEASE.jar;D:\Franko\2021\323_P\repo\org\springframework\spring-tx\5.1.8.RELEASE\spring-tx-5.1.8.RELEASE.jar;D:\Franko\2021\323_P\repo\org\springframework\spring-aspects\5.1.8.RELEASE\spring-aspects-5.1.8.RELEASE.jar;D:\Franko\2021\323_P\repo\junit\junit\4.8.2\junit-4.8.2.jar;D:\Franko\2021\323_P\repo\org\mockito\mockito-junit-jupiter\2.23.4\mockito-junit-jupiter-2.23.4.jar;D:\Franko\2021\323_P\repo\org\junit\jupiter\junit-jupiter-api\5.3.2\junit-jupiter-api-5.3.2.jar;D:\Franko\2021\323_P\repo\org\opentest4j\opentest4j\1.1.1\opentest4j-1.1.1.jar;D:\Franko\2021\323_P\repo\org\junit\platform\junit-platform-commons\1.3.2\junit-platform-commons-1.3.2.jar;D:\Franko\2021\323_P\repo\org\mockito\mockito-core\2.23.4\mockito-core-2.23.4.jar;D:\Franko\2021\323_P\repo\net\bytebuddy\byte-buddy\1.9.13\byte-buddy-1.9.13.jar;D:\Franko\2021\323_P\repo\net\bytebuddy\byte-buddy-agent\1.9.13\byte-buddy-agent-1.9.13.jar;D:\Franko\2021\323_P\repo\org\objenesis\objenesis\2.6\objenesis-2.6.jar;D:\Franko\2021\323_P\repo\org\springframework\boot\spring-boot-starter-test\2.1.6.RELEASE\spring-boot-starter-test-2.1.6.RELEASE.jar;D:\Franko\2021\323_P\repo\org\springframework\boot\spring-boot-test\2.1.6.RELEASE\spring-boot-test-2.1.6.RELEASE.jar;D:\Franko\2021\323_P\repo\org\springframework\boot\spring-boot-test-autoconfigure\2.1.6.RELEASE\spring-boot-test-autoconfigure-2.1.6.RELEASE.jar;D:\Franko\2021\323_P\repo\com\jayway\jsonpath\json-path\2.4.0\json-path-2.4.0.jar;D:\Franko\2021\323_P\repo\net\minidev\json-smart\2.3\json-smart-2.3.jar;D:\Franko\2021\323_P\repo\net\minidev\accessors-smart\1.2\accessors-smart-1.2.jar;D:\Franko\2021\323_P\repo\org\ow2\asm\asm\5.0.4\asm-5.0.4.jar;D:\Franko\2021\323_P\repo\org\assertj\assertj-core\3.11.1\assertj-core-3.11.1.jar;D:\Franko\2021\323_P\repo\org\hamcrest\hamcrest-core\1.3\hamcrest-core-1.3.jar;D:\Franko\2021\323_P\repo\org\hamcrest\hamcrest-library\1.3\hamcrest-library-1.3.jar;D:\Franko\2021\323_P\repo\org\skyscreamer\jsonassert\1.5.0\jsonassert-1.5.0.jar;D:\Franko\2021\323_P\repo\com\vaadin\external\google\android-json\0.0.20131108.vaadin1\android-json-0.0.20131108.vaadin1.jar;D:\Franko\2021\323_P\repo\org\springframework\spring-core\5.1.8.RELEASE\spring-core-5.1.8.RELEASE.jar;D:\Franko\2021\323_P\repo\org\springframework\spring-jcl\5.1.8.RELEASE\spring-jcl-5.1.8.RELEASE.jar;D:\Franko\2021\323_P\repo\org\springframework\spring-test\5.1.8.RELEASE\spring-test-5.1.8.RELEASE.jar;D:\Franko\2021\323_P\repo\org\xmlunit\xmlunit-core\2.6.2\xmlunit-core-2.6.2.jar;D:\Franko\2021\323_P\repo\com\h2database\h2\1.4.199\h2-1.4.199.jar;D:\Franko\2021\323_P\repo\org\junit\vintage\junit-vintage-engine\5.3.2\junit-vintage-engine-5.3.2.jar;D:\Franko\2021\323_P\repo\org\apiguardian\apiguardian-api\1.0.0\apiguardian-api-1.0.0.jar;D:\Franko\2021\323_P\repo\org\junit\platform\junit-platform-engine\1.3.2\junit-platform-engine-1.3.2.jar;D:\Franko\2021\323_P\repo\org\mockito\mockito-inline\2.23.4\mockito-inline-2.23.4.jar;"/>
    <property name="sun.cpu.endian" value="little"/>
    <property name="user.home" value="C:\Users\Franko"/>
    <property name="user.language" value="en"/>
    <property name="java.specification.vendor" value="Oracle Corporation"/>
    <property name="java.home" value="C:\Program Files\Java\jdk1.8.0_301\jre"/>
    <property name="basedir" value="D:\Franko\2021\323_P\IntelliJ_Projects\AccountSystemWebSpringBoot"/>
    <property name="file.separator" value="\"/>
    <property name="line.separator" value="&#10;"/>
    <property name="java.vm.specification.vendor" value="Oracle Corporation"/>
    <property name="java.specification.name" value="Java Platform API Specification"/>
    <property name="java.awt.graphicsenv" value="sun.awt.Win32GraphicsEnvironment"/>
    <property name="surefire.real.class.path" value="C:\Users\Franko\AppData\Local\Temp\surefire5930051863830722393\surefirebooter50066482703130700.jar;D:\\Franko\\2021\\323_P\\repo\\org\\jacoco\\org.jacoco.agent\\0.8.3\\org.jacoco.agent-0.8.3-runtime.jar"/>
    <property name="sun.boot.class.path" value="C:\Program Files\Java\jdk1.8.0_301\jre\lib\resources.jar;C:\Program Files\Java\jdk1.8.0_301\jre\lib\rt.jar;C:\Program Files\Java\jdk1.8.0_301\jre\lib\sunrsasign.jar;C:\Program Files\Java\jdk1.8.0_301\jre\lib\jsse.jar;C:\Program Files\Java\jdk1.8.0_301\jre\lib\jce.jar;C:\Program Files\Java\jdk1.8.0_301\jre\lib\charsets.jar;C:\Program Files\Java\jdk1.8.0_301\jre\lib\jfr.jar;C:\Program Files\Java\jdk1.8.0_301\jre\classes"/>
    <property name="user.script" value=""/>
    <property name="sun.management.compiler" value="HotSpot 64-Bit Tiered Compilers"/>
    <property name="java.runtime.version" value="1.8.0_301-b09"/>
    <property name="user.name" value="Franko"/>
    <property name="path.separator" value=";"/>
    <property name="os.version" value="10.0"/>
    <property name="java.endorsed.dirs" value="C:\Program Files\Java\jdk1.8.0_301\jre\lib\endorsed"/>
    <property name="java.runtime.name" value="Java(TM) SE Runtime Environment"/>
    <property name="file.encoding" value="Cp1252"/>
    <property name="java.vm.name" value="Java HotSpot(TM) 64-Bit Server VM"/>
    <property name="localRepository" value="D:\Franko\2021\323_P\repo"/>
    <property name="java.vendor.url.bug" value="http://bugreport.sun.com/bugreport/"/>
    <property name="java.io.tmpdir" value="C:\Users\Franko\AppData\Local\Temp\"/>
    <property name="idea.version" value="2021.2.1"/>
    <property name="java.version" value="1.8.0_301"/>
    <property name="user.dir" value="D:\Franko\2021\323_P\IntelliJ_Projects\AccountSystemWebSpringBoot"/>
    <property name="os.arch" value="amd64"/>
    <property name="java.vm.specification.name" value="Java Virtual Machine Specification"/>
    <property name="java.awt.printerjob" value="sun.awt.windows.WPrinterJob"/>
    <property name="sun.os.patch.level" value=""/>
    <property name="java.library.path" value="C:\Program Files\Java\jdk1.8.0_301\jre\bin;C:\WINDOWS\Sun\Java\bin;C:\WINDOWS\system32;C:\WINDOWS;D:\Franko\2021\Oracle\app\oracle\product\11.2.0\server\bin;;C:\Program Files (x86)\Common Files\Oracle\Java\javapath;&quot;C:\Program Files (x86)\Intel\Intel(R) Management Engine Components\iCLS\;C:\Program Files\Intel\Intel(R) Management Engine Components\iCLS\;C:\Windows\system32;C:\Windows;C:\Windows\System32\Wbem;C:\Windows\System32\WindowsPowerShell\v1.0\;C:\Windows\System3&quot;;D:\Franko\2021\323_P\jdk1.8.0_301\bin;D:\Franko\2021\323_P\apache-maven-3.8.2\bin;D:\Franko\2021\323_P\Git\cmd;C:\Program Files\dotnet\;;C:\Users\Franko\AppData\Local\Programs\Microsoft VS Code\bin;."/>
    <property name="java.vm.info" value="mixed mode"/>
    <property name="java.vendor" value="Oracle Corporation"/>
    <property name="java.vm.version" value="25.301-b09"/>
    <property name="java.ext.dirs" value="C:\Program Files\Java\jdk1.8.0_301\jre\lib\ext;C:\WINDOWS\Sun\Java\lib\ext"/>
    <property name="sun.io.unicode.encoding" value="UnicodeLittle"/>
    <property name="java.class.version" value="52.0"/>
  </properties>
  <testcase name="deleteAccountType" classname="za.ac.nwu.ac.web.sb.controller.AccountTypeControllerTest" time="3.123">
    <failure message="Status expected:&lt;200&gt; but was:&lt;405&gt;" type="java.lang.AssertionError"><![CDATA[java.lang.AssertionError: Status expected:<200> but was:<405>
	at za.ac.nwu.ac.web.sb.controller.AccountTypeControllerTest.deleteAccountType(AccountTypeControllerTest.java:107)
]]></failure>
    <system-out><![CDATA[18:43:40.883 [main] DEBUG org.springframework.web.servlet.mvc.method.annotation.RequestMappingHandlerMapping - 4 mappings in <unknown>
18:43:41.524 [main] DEBUG org.jboss.logging - Logging Provider: org.jboss.logging.Log4j2LoggerProvider
18:43:41.526 [main] INFO org.hibernate.validator.internal.util.Version - HV000001: Hibernate Validator 6.0.17.Final
18:43:41.543 [main] DEBUG org.hibernate.validator.internal.engine.resolver.TraversableResolvers - Found javax.persistence.Persistence on classpath containing 'getPersistenceUtil'. Assuming JPA 2 environment. Trying to instantiate JPA aware TraversableResolver
18:43:41.544 [main] DEBUG org.hibernate.validator.internal.engine.resolver.TraversableResolvers - Instantiated JPA aware TraversableResolver of type org.hibernate.validator.internal.engine.resolver.JPATraversableResolver.
18:43:41.571 [main] DEBUG org.hibernate.validator.messageinterpolation.ResourceBundleMessageInterpolator - Loaded expression factory via original TCCL
18:43:41.572 [main] DEBUG org.hibernate.validator.internal.engine.ConfigurationImpl - Setting custom MessageInterpolator of type org.springframework.validation.beanvalidation.LocaleContextMessageInterpolator
18:43:41.573 [main] DEBUG org.hibernate.validator.internal.engine.ConfigurationImpl - Setting custom ParameterNameProvider of type org.springframework.validation.beanvalidation.LocalValidatorFactoryBean$1
18:43:41.577 [main] DEBUG org.hibernate.validator.internal.xml.config.ValidationXmlParser - Trying to load META-INF/validation.xml for XML based Validator configuration.
18:43:41.579 [main] DEBUG org.hibernate.validator.internal.xml.config.ResourceLoaderHelper - Trying to load META-INF/validation.xml via TCCL
18:43:41.579 [main] DEBUG org.hibernate.validator.internal.xml.config.ResourceLoaderHelper - Trying to load META-INF/validation.xml via Hibernate Validator's class loader
18:43:41.579 [main] DEBUG org.hibernate.validator.internal.xml.config.ValidationXmlParser - No META-INF/validation.xml found. Using annotation based configuration only.
18:43:41.806 [main] DEBUG org.hibernate.validator.internal.engine.ValidatorFactoryImpl - HV000234: Using org.springframework.validation.beanvalidation.LocaleContextMessageInterpolator as ValidatorFactory-scoped message interpolator.
18:43:41.806 [main] DEBUG org.hibernate.validator.internal.engine.ValidatorFactoryImpl - HV000234: Using org.hibernate.validator.internal.engine.resolver.JPATraversableResolver as ValidatorFactory-scoped traversable resolver.
18:43:41.807 [main] DEBUG org.hibernate.validator.internal.engine.ValidatorFactoryImpl - HV000234: Using org.hibernate.validator.internal.util.ExecutableParameterNameProvider as ValidatorFactory-scoped parameter name provider.
18:43:41.807 [main] DEBUG org.hibernate.validator.internal.engine.ValidatorFactoryImpl - HV000234: Using org.hibernate.validator.internal.engine.DefaultClockProvider as ValidatorFactory-scoped clock provider.
18:43:41.807 [main] DEBUG org.hibernate.validator.internal.engine.ValidatorFactoryImpl - HV000234: Using org.hibernate.validator.internal.engine.scripting.DefaultScriptEvaluatorFactory as ValidatorFactory-scoped script evaluator factory.
18:43:41.868 [main] DEBUG org.springframework.web.servlet.mvc.method.annotation.RequestMappingHandlerAdapter - ControllerAdvice beans: 0 @ModelAttribute, 0 @InitBinder, 1 RequestBodyAdvice, 1 ResponseBodyAdvice
18:43:41.923 [main] DEBUG org.springframework.web.servlet.mvc.method.annotation.ExceptionHandlerExceptionResolver - ControllerAdvice beans: 0 @ExceptionHandler, 1 ResponseBodyAdvice
18:43:41.978 [main] INFO org.springframework.mock.web.MockServletContext - Initializing Spring TestDispatcherServlet ''
18:43:41.979 [main] INFO org.springframework.test.web.servlet.TestDispatcherServlet - Initializing Servlet ''
18:43:41.984 [main] DEBUG org.springframework.test.web.servlet.TestDispatcherServlet - Detected AcceptHeaderLocaleResolver
18:43:41.984 [main] DEBUG org.springframework.test.web.servlet.TestDispatcherServlet - Detected FixedThemeResolver
18:43:41.985 [main] DEBUG org.springframework.test.web.servlet.TestDispatcherServlet - Detected org.springframework.web.servlet.view.DefaultRequestToViewNameTranslator@77a19366
18:43:41.985 [main] DEBUG org.springframework.test.web.servlet.TestDispatcherServlet - Detected org.springframework.web.servlet.support.SessionFlashMapManager@416bf563
18:43:41.985 [main] DEBUG org.springframework.test.web.servlet.TestDispatcherServlet - enableLoggingRequestDetails='false': request parameters and headers will be masked to prevent unsafe logging of potentially sensitive data
18:43:41.985 [main] INFO org.springframework.test.web.servlet.TestDispatcherServlet - Completed initialization in 6 ms
18:43:42.071 [main] DEBUG org.springframework.test.web.servlet.TestDispatcherServlet - DELETE "/account-system/mvc/account-type/PLAY", parameters={}
18:43:42.080 [main] WARN org.springframework.web.servlet.mvc.support.DefaultHandlerExceptionResolver - Resolved [org.springframework.web.HttpRequestMethodNotSupportedException: Request method 'DELETE' not supported]
18:43:42.083 [main] DEBUG org.springframework.test.web.servlet.TestDispatcherServlet - Completed 405 METHOD_NOT_ALLOWED
]]></system-out>
    <system-err><![CDATA[Oct 10, 2021 6:43:38 PM org.junit.vintage.engine.support.UniqueIdReader lambda$apply$1
WARNING: Could not read unique ID for Description; using display name instead: deleteAccountType(za.ac.nwu.ac.web.sb.controller.AccountTypeControllerTest)
Oct 10, 2021 6:43:38 PM org.junit.vintage.engine.support.UniqueIdReader lambda$apply$1
WARNING: Could not read unique ID for Description; using display name instead: getAll(za.ac.nwu.ac.web.sb.controller.AccountTypeControllerTest)
Oct 10, 2021 6:43:38 PM org.junit.vintage.engine.support.UniqueIdReader lambda$apply$1
WARNING: Could not read unique ID for Description; using display name instead: create(za.ac.nwu.ac.web.sb.controller.AccountTypeControllerTest)
Oct 10, 2021 6:43:38 PM org.junit.vintage.engine.support.UniqueIdReader lambda$apply$1
WARNING: Could not read unique ID for Description; using display name instead: deleteAccountType(za.ac.nwu.ac.web.sb.controller.AccountTypeControllerTest)
Oct 10, 2021 6:43:38 PM org.junit.vintage.engine.support.UniqueIdReader lambda$apply$1
WARNING: Could not read unique ID for Description; using display name instead: getAll(za.ac.nwu.ac.web.sb.controller.AccountTypeControllerTest)
Oct 10, 2021 6:43:38 PM org.junit.vintage.engine.support.UniqueIdReader lambda$apply$1
WARNING: Could not read unique ID for Description; using display name instead: create(za.ac.nwu.ac.web.sb.controller.AccountTypeControllerTest)
]]></system-err>
  </testcase>
  <testcase name="getAll" classname="za.ac.nwu.ac.web.sb.controller.AccountTypeControllerTest" time="0.179"/>
  <testcase name="create" classname="za.ac.nwu.ac.web.sb.controller.AccountTypeControllerTest" time="0.147">
    <failure message="&#10;Argument(s) are different! Wanted:&#10;createAccountTypeFlow.create(&#10;    AccountTypeDto{mnemonic=&apos;MILES&apos;, accountTypeName=&apos;Miles account_type&apos;, creationDate=2020-01-01}&#10;);&#10;-&gt; at za.ac.nwu.ac.web.sb.controller.AccountTypeControllerTest.create(AccountTypeControllerTest.java:92)&#10;Actual invocation has different arguments:&#10;createAccountTypeFlow.create(&#10;    AccountTypeDto{mnemonic=&apos;MILES&apos;, accountTypeName=&apos;Miles account type&apos;, creationDate=2020-01-01}&#10;);&#10;-&gt; at za.ac.nwu.ac.web.sb.controller.AccountTypeController.create(AccountTypeController.java:58)&#10;" type="org.mockito.exceptions.verification.junit.ArgumentsAreDifferent">org.mockito.exceptions.verification.junit.ArgumentsAreDifferent: 

Argument(s) are different! Wanted:
createAccountTypeFlow.create(
    AccountTypeDto{mnemonic='MILES', accountTypeName='Miles account_type', creationDate=2020-01-01}
);
-> at za.ac.nwu.ac.web.sb.controller.AccountTypeControllerTest.create(AccountTypeControllerTest.java:92)
Actual invocation has different arguments:
createAccountTypeFlow.create(
    AccountTypeDto{mnemonic='MILES', accountTypeName='Miles account type', creationDate=2020-01-01}
);
-> at za.ac.nwu.ac.web.sb.controller.AccountTypeController.create(AccountTypeController.java:58)

	at za.ac.nwu.ac.web.sb.controller.AccountTypeControllerTest.create(AccountTypeControllerTest.java:92)
</failure>
    <system-out><![CDATA[18:43:42.302 [main] DEBUG org.springframework.web.servlet.mvc.method.annotation.RequestMappingHandlerMapping - 4 mappings in <unknown>
18:43:42.307 [main] DEBUG org.hibernate.validator.internal.engine.resolver.TraversableResolvers - Found javax.persistence.Persistence on classpath containing 'getPersistenceUtil'. Assuming JPA 2 environment. Trying to instantiate JPA aware TraversableResolver
18:43:42.307 [main] DEBUG org.hibernate.validator.internal.engine.resolver.TraversableResolvers - Instantiated JPA aware TraversableResolver of type org.hibernate.validator.internal.engine.resolver.JPATraversableResolver.
18:43:42.307 [main] DEBUG org.hibernate.validator.messageinterpolation.ResourceBundleMessageInterpolator - Loaded expression factory via original TCCL
18:43:42.307 [main] DEBUG org.hibernate.validator.internal.engine.ConfigurationImpl - Setting custom MessageInterpolator of type org.springframework.validation.beanvalidation.LocaleContextMessageInterpolator
18:43:42.308 [main] DEBUG org.hibernate.validator.internal.engine.ConfigurationImpl - Setting custom ParameterNameProvider of type org.springframework.validation.beanvalidation.LocalValidatorFactoryBean$1
18:43:42.308 [main] DEBUG org.hibernate.validator.internal.xml.config.ValidationXmlParser - Trying to load META-INF/validation.xml for XML based Validator configuration.
18:43:42.308 [main] DEBUG org.hibernate.validator.internal.xml.config.ResourceLoaderHelper - Trying to load META-INF/validation.xml via TCCL
18:43:42.308 [main] DEBUG org.hibernate.validator.internal.xml.config.ResourceLoaderHelper - Trying to load META-INF/validation.xml via Hibernate Validator's class loader
18:43:42.308 [main] DEBUG org.hibernate.validator.internal.xml.config.ValidationXmlParser - No META-INF/validation.xml found. Using annotation based configuration only.
18:43:42.313 [main] DEBUG org.hibernate.validator.internal.engine.ValidatorFactoryImpl - HV000234: Using org.springframework.validation.beanvalidation.LocaleContextMessageInterpolator as ValidatorFactory-scoped message interpolator.
18:43:42.314 [main] DEBUG org.hibernate.validator.internal.engine.ValidatorFactoryImpl - HV000234: Using org.hibernate.validator.internal.engine.resolver.JPATraversableResolver as ValidatorFactory-scoped traversable resolver.
18:43:42.314 [main] DEBUG org.hibernate.validator.internal.engine.ValidatorFactoryImpl - HV000234: Using org.hibernate.validator.internal.util.ExecutableParameterNameProvider as ValidatorFactory-scoped parameter name provider.
18:43:42.314 [main] DEBUG org.hibernate.validator.internal.engine.ValidatorFactoryImpl - HV000234: Using org.hibernate.validator.internal.engine.DefaultClockProvider as ValidatorFactory-scoped clock provider.
18:43:42.314 [main] DEBUG org.hibernate.validator.internal.engine.ValidatorFactoryImpl - HV000234: Using org.hibernate.validator.internal.engine.scripting.DefaultScriptEvaluatorFactory as ValidatorFactory-scoped script evaluator factory.
18:43:42.315 [main] DEBUG org.springframework.web.servlet.mvc.method.annotation.RequestMappingHandlerAdapter - ControllerAdvice beans: 0 @ModelAttribute, 0 @InitBinder, 1 RequestBodyAdvice, 1 ResponseBodyAdvice
18:43:42.318 [main] DEBUG org.springframework.web.servlet.mvc.method.annotation.ExceptionHandlerExceptionResolver - ControllerAdvice beans: 0 @ExceptionHandler, 1 ResponseBodyAdvice
18:43:42.319 [main] INFO org.springframework.mock.web.MockServletContext - Initializing Spring TestDispatcherServlet ''
18:43:42.319 [main] INFO org.springframework.test.web.servlet.TestDispatcherServlet - Initializing Servlet ''
18:43:42.319 [main] DEBUG org.springframework.test.web.servlet.TestDispatcherServlet - Detected AcceptHeaderLocaleResolver
18:43:42.319 [main] DEBUG org.springframework.test.web.servlet.TestDispatcherServlet - Detected FixedThemeResolver
18:43:42.319 [main] DEBUG org.springframework.test.web.servlet.TestDispatcherServlet - Detected org.springframework.web.servlet.view.DefaultRequestToViewNameTranslator@32e14bc3
18:43:42.320 [main] DEBUG org.springframework.test.web.servlet.TestDispatcherServlet - Detected org.springframework.web.servlet.support.SessionFlashMapManager@6bb8ebb0
18:43:42.320 [main] DEBUG org.springframework.test.web.servlet.TestDispatcherServlet - enableLoggingRequestDetails='false': request parameters and headers will be masked to prevent unsafe logging of potentially sensitive data
18:43:42.320 [main] INFO org.springframework.test.web.servlet.TestDispatcherServlet - Completed initialization in 1 ms
18:43:42.323 [main] DEBUG org.springframework.test.web.servlet.TestDispatcherServlet - POST "/account-system/mvc/account-type", parameters={}
18:43:42.323 [main] DEBUG org.springframework.web.servlet.mvc.method.annotation.RequestMappingHandlerMapping - Mapped to public org.springframework.http.ResponseEntity<za.ac.nwu.ac.domain.service.GeneralResponse<za.ac.nwu.ac.domain.dto.AccountTypeDto>> za.ac.nwu.ac.web.sb.controller.AccountTypeController.create(za.ac.nwu.ac.domain.dto.AccountTypeDto)
18:43:42.394 [main] DEBUG org.springframework.web.servlet.mvc.method.annotation.RequestResponseBodyMethodProcessor - Read "application/json" to [AccountTypeDto{mnemonic='MILES', accountTypeName='Miles account type', creationDate=2020-01-01}]
18:43:42.424 [main] DEBUG org.springframework.web.servlet.mvc.method.annotation.HttpEntityMethodProcessor - Using 'application/json', given [application/json] and supported [application/json, application/*+json]
18:43:42.424 [main] DEBUG org.springframework.web.servlet.mvc.method.annotation.HttpEntityMethodProcessor - Writing [GeneralResponse{successful=true, payload=null}]
18:43:42.424 [main] DEBUG org.springframework.test.web.servlet.TestDispatcherServlet - Completed 201 CREATED
]]></system-out>
  </testcase>
</testsuite>